This is pdfTeX, Version 3.14159265-2.6-1.40.18 (TeX Live 2017/Debian) (preloaded format=pdflatex 2021.8.26)  26 AUG 2021 22:31
entering extended mode
 restricted \write18 enabled.
 %&-line parsing enabled.
**problem3.tex
(./problem3.tex
LaTeX2e <2017-04-15>
Babel <3.18> and hyphenation patterns for 84 language(s) loaded.
! Undefined control sequence.
l.1 \section
            *{B√†i 3:}
The control sequence at the end of the top line
of your error message was never \def'ed. If you have
misspelled it (e.g., `\hobx'), type `I' and the correct
spelling (e.g., `I\hbox'). Otherwise just continue,
and I'll forget about whatever was undefined.


! LaTeX Error: Missing \begin{document}.

See the LaTeX manual or LaTeX Companion for explanation.
Type  H <return>  for immediate help.
 ...                                              
                                                  
l.1 \section*
             {B√†i 3:}
You're in trouble here.  Try typing  <return>  to proceed.
If that doesn't work, type  X <return>  to quit.

Missing character: There is no * in font nullfont!
Missing character: There is no B in font nullfont!
Missing character: There is no √ in font nullfont!
Missing character: There is no † in font nullfont!
Missing character: There is no i in font nullfont!
Missing character: There is no 3 in font nullfont!
Missing character: There is no : in font nullfont!
Missing character: There is no G in font nullfont!
Missing character: There is no i in font nullfont!
Missing character: There is no · in font nullfont!
Missing character: There is no ∫ in font nullfont!
Missing character: There is no £ in font nullfont!
Missing character: There is no i in font nullfont!
Missing character: There is no p in font nullfont!
Missing character: There is no h in font nullfont!
Missing character: There is no ∆ in font nullfont!
Missing character: There is no ∞ in font nullfont!
Missing character: There is no ∆ in font nullfont!
Missing character: There is no ° in font nullfont!
Missing character: There is no n in font nullfont!
Missing character: There is no g in font nullfont!
Missing character: There is no t in font nullfont!
Missing character: There is no r in font nullfont!
Missing character: There is no √ in font nullfont!
Missing character: There is no ¨ in font nullfont!
Missing character: There is no n in font nullfont!
Missing character: There is no h in font nullfont!
Missing character: There is no : in font nullfont!

Overfull \hbox (20.0pt too wide) in paragraph at lines 1--3
[]
 []


! LaTeX Error: Missing \begin{document}.

See the LaTeX manual or LaTeX Companion for explanation.
Type  H <return>  for immediate help.
 ...                                              
                                                  
l.3 \begin{enumerate}[
                      label=(\alph*)]
You're in trouble here.  Try typing  <return>  to proceed.
If that doesn't work, type  X <return>  to quit.

Missing character: There is no [ in font nullfont!
Missing character: There is no l in font nullfont!
Missing character: There is no a in font nullfont!
Missing character: There is no b in font nullfont!
Missing character: There is no e in font nullfont!
Missing character: There is no l in font nullfont!
Missing character: There is no = in font nullfont!
Missing character: There is no ( in font nullfont!
! Missing number, treated as zero.
<to be read again> 
                   \c@* 
l.3 \begin{enumerate}[label=(\alph*
                                   )]
A number should have been here; I inserted `0'.
(If you can't figure out why I needed to see a number,
look up `weird error' in the index to The TeXbook.)

Missing character: There is no ) in font nullfont!
Missing character: There is no ] in font nullfont!

! LaTeX Error: Something's wrong--perhaps a missing \item.

See the LaTeX manual or LaTeX Companion for explanation.
Type  H <return>  for immediate help.
 ...                                              
                                                  
l.4 \item $
           (x^2 - x - 2)\sqrt{x+1} = 0$
Try typing  <return>  to proceed.
If that doesn't work, type  X <return>  to quit.


! LaTeX Error: Something's wrong--perhaps a missing \item.

See the LaTeX manual or LaTeX Companion for explanation.
Type  H <return>  for immediate help.
 ...                                              
                                                  
l.4 \item $
           (x^2 - x - 2)\sqrt{x+1} = 0$
Try typing  <return>  to proceed.
If that doesn't work, type  X <return>  to quit.


! LaTeX Error: Something's wrong--perhaps a missing \item.

See the LaTeX manual or LaTeX Companion for explanation.
Type  H <return>  for immediate help.
 ...                                              
                                                  
l.4 \item $
           (x^2 - x - 2)\sqrt{x+1} = 0$
Try typing  <return>  to proceed.
If that doesn't work, type  X <return>  to quit.

LaTeX Font Info:    External font `cmex10' loaded for size
(Font)              <7> on input line 4.
LaTeX Font Info:    External font `cmex10' loaded for size
(Font)              <5> on input line 4.

! LaTeX Error: Something's wrong--perhaps a missing \item.

See the LaTeX manual or LaTeX Companion for explanation.
Type  H <return>  for immediate help.
 ...                                              
                                                  
l.5 \item $
           \frac{x^2}{\sqrt{x-2}}=\frac{1}{\sqrt{x-2}} - \sqrt{x-2}$
Try typing  <return>  to proceed.
If that doesn't work, type  X <return>  to quit.


! LaTeX Error: Something's wrong--perhaps a missing \item.

See the LaTeX manual or LaTeX Companion for explanation.
Type  H <return>  for immediate help.
 ...                                              
                                                  
l.5 \item $
           \frac{x^2}{\sqrt{x-2}}=\frac{1}{\sqrt{x-2}} - \sqrt{x-2}$
Try typing  <return>  to proceed.
If that doesn't work, type  X <return>  to quit.


! LaTeX Error: Something's wrong--perhaps a missing \item.

See the LaTeX manual or LaTeX Companion for explanation.
Type  H <return>  for immediate help.
 ...                                              
                                                  
l.5 \item $
           \frac{x^2}{\sqrt{x-2}}=\frac{1}{\sqrt{x-2}} - \sqrt{x-2}$
Try typing  <return>  to proceed.
If that doesn't work, type  X <return>  to quit.


! LaTeX Error: Something's wrong--perhaps a missing \item.

See the LaTeX manual or LaTeX Companion for explanation.
Type  H <return>  for immediate help.
 ...                                              
                                                  
l.6 \item $
           x + \frac{1}{x-1} = \frac{2x-1}{x-1}$
Try typing  <return>  to proceed.
If that doesn't work, type  X <return>  to quit.


! LaTeX Error: Something's wrong--perhaps a missing \item.

See the LaTeX manual or LaTeX Companion for explanation.
Type  H <return>  for immediate help.
 ...                                              
                                                  
l.6 \item $
           x + \frac{1}{x-1} = \frac{2x-1}{x-1}$
Try typing  <return>  to proceed.
If that doesn't work, type  X <return>  to quit.


! LaTeX Error: Something's wrong--perhaps a missing \item.

See the LaTeX manual or LaTeX Companion for explanation.
Type  H <return>  for immediate help.
 ...                                              
                                                  
l.6 \item $
           x + \frac{1}{x-1} = \frac{2x-1}{x-1}$
Try typing  <return>  to proceed.
If that doesn't work, type  X <return>  to quit.


! LaTeX Error: Something's wrong--perhaps a missing \item.

See the LaTeX manual or LaTeX Companion for explanation.
Type  H <return>  for immediate help.
 ...                                              
                                                  
l.7 \item $
           1 + \frac{1}{x-3} = \frac{5}{x^2-x-6}$
Try typing  <return>  to proceed.
If that doesn't work, type  X <return>  to quit.


! LaTeX Error: Something's wrong--perhaps a missing \item.

See the LaTeX manual or LaTeX Companion for explanation.
Type  H <return>  for immediate help.
 ...                                              
                                                  
l.7 \item $
           1 + \frac{1}{x-3} = \frac{5}{x^2-x-6}$
Try typing  <return>  to proceed.
If that doesn't work, type  X <return>  to quit.


! LaTeX Error: Something's wrong--perhaps a missing \item.

See the LaTeX manual or LaTeX Companion for explanation.
Type  H <return>  for immediate help.
 ...                                              
                                                  
l.7 \item $
           1 + \frac{1}{x-3} = \frac{5}{x^2-x-6}$
Try typing  <return>  to proceed.
If that doesn't work, type  X <return>  to quit.


! LaTeX Error: Something's wrong--perhaps a missing \item.

See the LaTeX manual or LaTeX Companion for explanation.
Type  H <return>  for immediate help.
 ...                                              
                                                  
l.8 \end{enumerate}
                   
Try typing  <return>  to proceed.
If that doesn't work, type  X <return>  to quit.


Overfull \hbox (21.8681pt too wide) in paragraph at lines 3--8
[]$\OT1/cmr/m/n/10 (\OML/cmm/m/it/10 x[] \OMS/cmsy/m/n/10 ^^@
 []


Overfull \hbox (13.49307pt too wide) in paragraph at lines 3--8
\OML/cmm/m/it/10 x \OMS/cmsy/m/n/10 ^^@
 []


Overfull \hbox (50.71521pt too wide) in paragraph at lines 3--8
\OT1/cmr/m/n/10 2)[] =
 []


Overfull \hbox (5.00002pt too wide) in paragraph at lines 3--8
\OT1/cmr/m/n/10 0$
 []


Overfull \hbox (34.29585pt too wide) in paragraph at lines 3--8
[]$[] \OT1/cmr/m/n/10 =
 []


Overfull \hbox (31.51814pt too wide) in paragraph at lines 3--8
[] \OMS/cmsy/m/n/10 ^^@
 []


Overfull \hbox (31.27078pt too wide) in paragraph at lines 3--8
[]$
 []


Overfull \hbox (13.49307pt too wide) in paragraph at lines 3--8
[]$\OML/cmm/m/it/10 x \OT1/cmr/m/n/10 +
 []


Overfull \hbox (27.72638pt too wide) in paragraph at lines 3--8
[] \OT1/cmr/m/n/10 =
 []


Overfull \hbox (21.157pt too wide) in paragraph at lines 3--8
[]$
 []


Overfull \hbox (12.77782pt too wide) in paragraph at lines 3--8
[]$\OT1/cmr/m/n/10 1 +
 []


Overfull \hbox (27.72638pt too wide) in paragraph at lines 3--8
[] \OT1/cmr/m/n/10 =
 []


Overfull \hbox (31.85844pt too wide) in paragraph at lines 3--8
[]$ 
 []

! Undefined control sequence.
l.10 \subsection
                *{L·ªùi gi·∫£i:}
The control sequence at the end of the top line
of your error message was never \def'ed. If you have
misspelled it (e.g., `\hobx'), type `I' and the correct
spelling (e.g., `I\hbox'). Otherwise just continue,
and I'll forget about whatever was undefined.

Missing character: There is no * in font nullfont!
Missing character: There is no L in font nullfont!
Missing character: There is no · in font nullfont!
Missing character: There is no ª in font nullfont!
Missing character: There is no ù in font nullfont!
Missing character: There is no i in font nullfont!
Missing character: There is no g in font nullfont!
Missing character: There is no i in font nullfont!
Missing character: There is no · in font nullfont!
Missing character: There is no ∫ in font nullfont!
Missing character: There is no £ in font nullfont!
Missing character: There is no i in font nullfont!
Missing character: There is no : in font nullfont!

Overfull \hbox (20.0pt too wide) in paragraph at lines 10--11
[] 
 []

Missing character: There is no [ in font nullfont!
Missing character: There is no l in font nullfont!
Missing character: There is no a in font nullfont!
Missing character: There is no b in font nullfont!
Missing character: There is no e in font nullfont!
Missing character: There is no l in font nullfont!
Missing character: There is no = in font nullfont!
Missing character: There is no ( in font nullfont!
! Missing number, treated as zero.
<to be read again> 
                   \c@* 
l.11 \begin{enumerate}[label=(\alph*
                                    )]
A number should have been here; I inserted `0'.
(If you can't figure out why I needed to see a number,
look up `weird error' in the index to The TeXbook.)

Missing character: There is no ) in font nullfont!
Missing character: There is no ] in font nullfont!

! LaTeX Error: Something's wrong--perhaps a missing \item.

See the LaTeX manual or LaTeX Companion for explanation.
Type  H <return>  for immediate help.
 ...                                              
                                                  
l.12 \item ƒ
            êi·ªÅu ki·ªán x√°c ƒë·ªãnh: $x \geq -1$ \\
Try typing  <return>  to proceed.
If that doesn't work, type  X <return>  to quit.


! LaTeX Error: Something's wrong--perhaps a missing \item.

See the LaTeX manual or LaTeX Companion for explanation.
Type  H <return>  for immediate help.
 ...                                              
                                                  
l.12 \item ƒ
            êi·ªÅu ki·ªán x√°c ƒë·ªãnh: $x \geq -1$ \\
Try typing  <return>  to proceed.
If that doesn't work, type  X <return>  to quit.


! LaTeX Error: Something's wrong--perhaps a missing \item.

See the LaTeX manual or LaTeX Companion for explanation.
Type  H <return>  for immediate help.
 ...                                              
                                                  
l.12 \item ƒ
            êi·ªÅu ki·ªán x√°c ƒë·ªãnh: $x \geq -1$ \\
Try typing  <return>  to proceed.
If that doesn't work, type  X <return>  to quit.

Missing character: There is no ƒ in font nullfont!
Missing character: There is no ê in font nullfont!
Missing character: There is no i in font nullfont!
Missing character: There is no · in font nullfont!
Missing character: There is no ª in font nullfont!
Missing character: There is no Å in font nullfont!
Missing character: There is no u in font nullfont!
Missing character: There is no k in font nullfont!
Missing character: There is no i in font nullfont!
Missing character: There is no · in font nullfont!
Missing character: There is no ª in font nullfont!
Missing character: There is no á in font nullfont!
Missing character: There is no n in font nullfont!
Missing character: There is no x in font nullfont!
Missing character: There is no √ in font nullfont!
Missing character: There is no ° in font nullfont!
Missing character: There is no c in font nullfont!
Missing character: There is no ƒ in font nullfont!
Missing character: There is no ë in font nullfont!
Missing character: There is no · in font nullfont!
Missing character: There is no ª in font nullfont!
Missing character: There is no ã in font nullfont!
Missing character: There is no n in font nullfont!
Missing character: There is no h in font nullfont!
Missing character: There is no : in font nullfont!
Missing character: There is no T in font nullfont!
Missing character: There is no a in font nullfont!
Missing character: There is no c in font nullfont!
Missing character: There is no √ in font nullfont!
Missing character: There is no ≥ in font nullfont!
Missing character: There is no l in font nullfont!
Missing character: There is no √ in font nullfont!
Missing character: There is no † in font nullfont!
Missing character: There is no m in font nullfont!
Missing character: There is no · in font nullfont!
Missing character: There is no ª in font nullfont!
Missing character: There is no ô in font nullfont!
Missing character: There is no t in font nullfont!
Missing character: There is no n in font nullfont!
Missing character: There is no g in font nullfont!
Missing character: There is no h in font nullfont!
Missing character: There is no i in font nullfont!
Missing character: There is no · in font nullfont!
Missing character: There is no ª in font nullfont!
Missing character: There is no á in font nullfont!
Missing character: There is no m in font nullfont!
Missing character: There is no . in font nullfont!
Missing character: There is no N in font nullfont!
Missing character: There is no · in font nullfont!
Missing character: There is no ∫ in font nullfont!
Missing character: There is no ø in font nullfont!
Missing character: There is no u in font nullfont!
Missing character: There is no t in font nullfont!
Missing character: There is no h in font nullfont!
Missing character: There is no √ in font nullfont!
Missing character: There is no ¨ in font nullfont!
Missing character: There is no . in font nullfont!
Missing character: There is no D in font nullfont!
Missing character: There is no o in font nullfont!
Missing character: There is no ƒ in font nullfont!
Missing character: There is no ë in font nullfont!
Missing character: There is no √ in font nullfont!
Missing character: There is no ≥ in font nullfont!
Missing character: There is no p in font nullfont!
Missing character: There is no h in font nullfont!
Missing character: There is no ∆ in font nullfont!
Missing character: There is no ∞ in font nullfont!
Missing character: There is no ∆ in font nullfont!
Missing character: There is no ° in font nullfont!
Missing character: There is no n in font nullfont!
Missing character: There is no g in font nullfont!
Missing character: There is no t in font nullfont!
Missing character: There is no r in font nullfont!
Missing character: There is no √ in font nullfont!
Missing character: There is no ¨ in font nullfont!
Missing character: There is no n in font nullfont!
Missing character: There is no h in font nullfont!
Missing character: There is no t in font nullfont!
Missing character: There is no ∆ in font nullfont!
Missing character: There is no ∞ in font nullfont!
Missing character: There is no ∆ in font nullfont!
Missing character: There is no ° in font nullfont!
Missing character: There is no n in font nullfont!
Missing character: There is no g in font nullfont!
Missing character: There is no h in font nullfont!
Missing character: There is no o in font nullfont!
Missing character: There is no · in font nullfont!
Missing character: There is no ∫ in font nullfont!
Missing character: There is no ∑ in font nullfont!
Missing character: There is no c in font nullfont!
Missing character: There is no ƒ in font nullfont!
Missing character: There is no ê in font nullfont!
Missing character: There is no · in font nullfont!
Missing character: There is no ª in font nullfont!
Missing character: There is no ë in font nullfont!
Missing character: There is no i in font nullfont!
Missing character: There is no c in font nullfont!
Missing character: There is no h in font nullfont!
Missing character: There is no i in font nullfont!
Missing character: There is no · in font nullfont!
Missing character: There is no ∫ in font nullfont!
Missing character: There is no ø in font nullfont!
Missing character: There is no u in font nullfont!
Missing character: There is no ƒ in font nullfont!
Missing character: There is no ë in font nullfont!
Missing character: There is no i in font nullfont!
Missing character: There is no · in font nullfont!
Missing character: There is no ª in font nullfont!
Missing character: There is no Å in font nullfont!
Missing character: There is no u in font nullfont!
Missing character: There is no k in font nullfont!
Missing character: There is no i in font nullfont!
Missing character: There is no · in font nullfont!
Missing character: There is no ª in font nullfont!
Missing character: There is no á in font nullfont!
Missing character: There is no n in font nullfont!
Missing character: There is no t in font nullfont!
Missing character: There is no a in font nullfont!
Missing character: There is no ƒ in font nullfont!
Missing character: There is no ë in font nullfont!
Missing character: There is no ∆ in font nullfont!
Missing character: There is no ∞ in font nullfont!
Missing character: There is no · in font nullfont!
Missing character: There is no ª in font nullfont!
Missing character: There is no £ in font nullfont!
Missing character: There is no c in font nullfont!
Missing character: There is no n in font nullfont!
Missing character: There is no g in font nullfont!
Missing character: There is no h in font nullfont!
Missing character: There is no i in font nullfont!
Missing character: There is no · in font nullfont!
Missing character: There is no ª in font nullfont!
Missing character: There is no á in font nullfont!
Missing character: There is no m in font nullfont!
Missing character: There is no c in font nullfont!
Missing character: There is no · in font nullfont!
Missing character: There is no ª in font nullfont!
Missing character: There is no ß in font nullfont!
Missing character: There is no a in font nullfont!
Missing character: There is no p in font nullfont!
Missing character: There is no h in font nullfont!
Missing character: There is no ∆ in font nullfont!
Missing character: There is no ∞ in font nullfont!
Missing character: There is no ∆ in font nullfont!
Missing character: There is no ° in font nullfont!
Missing character: There is no n in font nullfont!
Missing character: There is no g in font nullfont!
Missing character: There is no t in font nullfont!
Missing character: There is no r in font nullfont!
Missing character: There is no √ in font nullfont!
Missing character: There is no ¨ in font nullfont!
Missing character: There is no n in font nullfont!
Missing character: There is no h in font nullfont!
Missing character: There is no l in font nullfont!
Missing character: There is no √ in font nullfont!
Missing character: There is no † in font nullfont!
Missing character: There is no . in font nullfont!
Missing character: There is no V in font nullfont!
Missing character: There is no · in font nullfont!
Missing character: There is no ∫ in font nullfont!
Missing character: There is no ≠ in font nullfont!
Missing character: There is no y in font nullfont!
Missing character: There is no p in font nullfont!
Missing character: There is no h in font nullfont!
Missing character: There is no ∆ in font nullfont!
Missing character: There is no ∞ in font nullfont!
Missing character: There is no ∆ in font nullfont!
Missing character: There is no ° in font nullfont!
Missing character: There is no n in font nullfont!
Missing character: There is no g in font nullfont!
Missing character: There is no t in font nullfont!
Missing character: There is no r in font nullfont!
Missing character: There is no √ in font nullfont!
Missing character: There is no ¨ in font nullfont!
Missing character: There is no n in font nullfont!
Missing character: There is no h in font nullfont!
Missing character: There is no ƒ in font nullfont!
Missing character: There is no ë in font nullfont!
Missing character: There is no √ in font nullfont!
Missing character: There is no £ in font nullfont!
Missing character: There is no c in font nullfont!
Missing character: There is no h in font nullfont!
Missing character: There is no o in font nullfont!
Missing character: There is no c in font nullfont!
Missing character: There is no √ in font nullfont!
Missing character: There is no ≥ in font nullfont!
Missing character: There is no h in font nullfont!
Missing character: There is no a in font nullfont!
Missing character: There is no i in font nullfont!
Missing character: There is no n in font nullfont!
Missing character: There is no g in font nullfont!
Missing character: There is no h in font nullfont!
Missing character: There is no i in font nullfont!
Missing character: There is no · in font nullfont!
Missing character: There is no ª in font nullfont!
Missing character: There is no á in font nullfont!
Missing character: There is no m in font nullfont!
Missing character: There is no S in font nullfont!
Missing character: There is no = in font nullfont!

! LaTeX Error: Something's wrong--perhaps a missing \item.

See the LaTeX manual or LaTeX Companion for explanation.
Type  H <return>  for immediate help.
 ...                                              
                                                  
l.18 \item ƒ
            êi·ªÅu ki·ªán x√°c ƒë·ªãnh: $x > 2$ \\
Try typing  <return>  to proceed.
If that doesn't work, type  X <return>  to quit.


! LaTeX Error: Something's wrong--perhaps a missing \item.

See the LaTeX manual or LaTeX Companion for explanation.
Type  H <return>  for immediate help.
 ...                                              
                                                  
l.18 \item ƒ
            êi·ªÅu ki·ªán x√°c ƒë·ªãnh: $x > 2$ \\
Try typing  <return>  to proceed.
If that doesn't work, type  X <return>  to quit.


! LaTeX Error: Something's wrong--perhaps a missing \item.

See the LaTeX manual or LaTeX Companion for explanation.
Type  H <return>  for immediate help.
 ...                                              
                                                  
l.18 \item ƒ
            êi·ªÅu ki·ªán x√°c ƒë·ªãnh: $x > 2$ \\
Try typing  <return>  to proceed.
If that doesn't work, type  X <return>  to quit.

Missing character: There is no ƒ in font nullfont!
Missing character: There is no ê in font nullfont!
Missing character: There is no i in font nullfont!
Missing character: There is no · in font nullfont!
Missing character: There is no ª in font nullfont!
Missing character: There is no Å in font nullfont!
Missing character: There is no u in font nullfont!
Missing character: There is no k in font nullfont!
Missing character: There is no i in font nullfont!
Missing character: There is no · in font nullfont!
Missing character: There is no ª in font nullfont!
Missing character: There is no á in font nullfont!
Missing character: There is no n in font nullfont!
Missing character: There is no x in font nullfont!
Missing character: There is no √ in font nullfont!
Missing character: There is no ° in font nullfont!
Missing character: There is no c in font nullfont!
Missing character: There is no ƒ in font nullfont!
Missing character: There is no ë in font nullfont!
Missing character: There is no · in font nullfont!
Missing character: There is no ª in font nullfont!
Missing character: There is no ã in font nullfont!
Missing character: There is no n in font nullfont!
Missing character: There is no h in font nullfont!
Missing character: There is no : in font nullfont!
Missing character: There is no V in font nullfont!
Missing character: There is no · in font nullfont!
Missing character: There is no ª in font nullfont!
Missing character: There is no õ in font nullfont!
Missing character: There is no i in font nullfont!
Missing character: There is no ƒ in font nullfont!
Missing character: There is no ë in font nullfont!
Missing character: There is no i in font nullfont!
Missing character: There is no · in font nullfont!
Missing character: There is no ª in font nullfont!
Missing character: There is no á in font nullfont!
Missing character: There is no u in font nullfont!
Missing character: There is no k in font nullfont!
Missing character: There is no i in font nullfont!
Missing character: There is no · in font nullfont!
Missing character: There is no ª in font nullfont!
Missing character: There is no á in font nullfont!
Missing character: There is no n in font nullfont!
Missing character: There is no ƒ in font nullfont!
Missing character: There is no ë in font nullfont!
Missing character: There is no √ in font nullfont!
Missing character: There is no ≥ in font nullfont!
Missing character: There is no p in font nullfont!
Missing character: There is no h in font nullfont!
Missing character: There is no ∆ in font nullfont!
Missing character: There is no ∞ in font nullfont!
Missing character: There is no ∆ in font nullfont!
Missing character: There is no ° in font nullfont!
Missing character: There is no n in font nullfont!
Missing character: There is no g in font nullfont!
Missing character: There is no t in font nullfont!
Missing character: There is no r in font nullfont!
Missing character: There is no √ in font nullfont!
Missing character: There is no ¨ in font nullfont!
Missing character: There is no n in font nullfont!
Missing character: There is no h in font nullfont!
Missing character: There is no t in font nullfont!
Missing character: There is no ∆ in font nullfont!
Missing character: There is no ∞ in font nullfont!
Missing character: There is no ∆ in font nullfont!
Missing character: There is no ° in font nullfont!
Missing character: There is no n in font nullfont!
Missing character: There is no g in font nullfont!
Missing character: There is no ƒ in font nullfont!
Missing character: There is no ë in font nullfont!
Missing character: There is no ∆ in font nullfont!
Missing character: There is no ∞ in font nullfont!
Missing character: There is no ∆ in font nullfont!
Missing character: There is no ° in font nullfont!
Missing character: There is no n in font nullfont!
Missing character: There is no g in font nullfont!
Missing character: There is no v in font nullfont!
Missing character: There is no · in font nullfont!
Missing character: There is no ª in font nullfont!
Missing character: There is no õ in font nullfont!
Missing character: There is no i in font nullfont!
Missing character: There is no p in font nullfont!
Missing character: There is no h in font nullfont!
Missing character: There is no ∆ in font nullfont!
Missing character: There is no ∞ in font nullfont!
Missing character: There is no ∆ in font nullfont!
Missing character: There is no ° in font nullfont!
Missing character: There is no n in font nullfont!
Missing character: There is no g in font nullfont!
Missing character: There is no t in font nullfont!
Missing character: There is no r in font nullfont!
Missing character: There is no √ in font nullfont!
Missing character: There is no ¨ in font nullfont!
Missing character: There is no n in font nullfont!
Missing character: There is no h in font nullfont!
Missing character: There is no : in font nullfont!

Overfull \hbox (16.27078pt too wide) in paragraph at lines 11--20
\OML/cmm/m/it/10 x \OMS/cmsy/m/n/10 ^^U
 []


Overfull \hbox (12.77782pt too wide) in paragraph at lines 11--20
\OMS/cmsy/m/n/10 ^^@\OT1/cmr/m/n/10 1$ 
 []


Overfull \hbox (16.27078pt too wide) in paragraph at lines 11--20
\OML/cmm/m/it/10 x \OT1/cmr/m/n/10 =
 []


Overfull \hbox (12.77782pt too wide) in paragraph at lines 11--20
\OMS/cmsy/m/n/10 ^^@\OT1/cmr/m/n/10 1$
 []


Overfull \hbox (16.27078pt too wide) in paragraph at lines 11--20
\OML/cmm/m/it/10 x >
 []


Overfull \hbox (5.00002pt too wide) in paragraph at lines 11--20
\OT1/cmr/m/n/10 1$
 []


Overfull \hbox (41.8263pt too wide) in paragraph at lines 11--20
[] \OML/cmm/m/it/10 >
 []


Overfull \hbox (5.00002pt too wide) in paragraph at lines 11--20
\OT1/cmr/m/n/10 0$ 
 []


Overfull \hbox (17.9792pt too wide) in paragraph at lines 11--20
\OML/cmm/m/it/10 x[] \OMS/cmsy/m/n/10 ^^@
 []


Overfull \hbox (13.49307pt too wide) in paragraph at lines 11--20
\OML/cmm/m/it/10 x \OMS/cmsy/m/n/10 ^^@
 []


Overfull \hbox (15.55553pt too wide) in paragraph at lines 11--20
\OT1/cmr/m/n/10 2 =
 []


Overfull \hbox (17.77774pt too wide) in paragraph at lines 11--20
\OT1/cmr/m/n/10 0 \OMS/cmsy/m/n/10 ,
 []


Overfull \hbox (16.27078pt too wide) in paragraph at lines 11--20
\OML/cmm/m/it/10 x \OT1/cmr/m/n/10 =
 []


Overfull \hbox (12.77782pt too wide) in paragraph at lines 11--20
\OMS/cmsy/m/n/10 ^^@\OT1/cmr/m/n/10 1$
 []


Overfull \hbox (16.27078pt too wide) in paragraph at lines 11--20
\OML/cmm/m/it/10 x \OT1/cmr/m/n/10 =
 []


Overfull \hbox (5.00002pt too wide) in paragraph at lines 11--20
\OT1/cmr/m/n/10 2$ 
 []


Overfull \hbox (16.27078pt too wide) in paragraph at lines 11--20
\OML/cmm/m/it/10 x \OT1/cmr/m/n/10 =
 []


Overfull \hbox (33.49301pt too wide) in paragraph at lines 11--20
\OMS/cmsy/m/n/10 ^^@\OT1/cmr/m/n/10 1\OML/cmm/m/it/10 ; x \OT1/cmr/m/n/10 =
 []


Overfull \hbox (5.00002pt too wide) in paragraph at lines 11--20
\OT1/cmr/m/n/10 2$ 
 []


Overfull \hbox (32.22227pt too wide) in paragraph at lines 11--20
\OMS/cmsy/m/n/10 f^^@\OT1/cmr/m/n/10 1; 2\OMS/cmsy/m/n/10 g$
 []


Overfull \hbox (16.27078pt too wide) in paragraph at lines 11--20
\OML/cmm/m/it/10 x >
 []


Overfull \hbox (5.00002pt too wide) in paragraph at lines 11--20
\OT1/cmr/m/n/10 2$ 
 []


Overfull \hbox (101.07614pt too wide) in alignment at lines 20--24
 [][][] []
 []

Missing character: There is no ƒ in font nullfont!
Missing character: There is no ê in font nullfont!
Missing character: There is no · in font nullfont!
Missing character: There is no ª in font nullfont!
Missing character: There is no ë in font nullfont!
Missing character: There is no i in font nullfont!
Missing character: There is no c in font nullfont!
Missing character: There is no h in font nullfont!
Missing character: There is no i in font nullfont!
Missing character: There is no · in font nullfont!
Missing character: There is no ∫ in font nullfont!
Missing character: There is no ø in font nullfont!
Missing character: There is no u in font nullfont!
Missing character: There is no v in font nullfont!
Missing character: There is no · in font nullfont!
Missing character: There is no ª in font nullfont!
Missing character: There is no õ in font nullfont!
Missing character: There is no i in font nullfont!
Missing character: There is no ƒ in font nullfont!
Missing character: There is no ë in font nullfont!
Missing character: There is no i in font nullfont!
Missing character: There is no · in font nullfont!
Missing character: There is no ª in font nullfont!
Missing character: There is no Å in font nullfont!
Missing character: There is no u in font nullfont!
Missing character: There is no k in font nullfont!
Missing character: There is no i in font nullfont!
Missing character: There is no · in font nullfont!
Missing character: There is no ª in font nullfont!
Missing character: There is no á in font nullfont!
Missing character: There is no n in font nullfont!
Missing character: There is no t in font nullfont!
Missing character: There is no a in font nullfont!
Missing character: There is no t in font nullfont!
Missing character: There is no h in font nullfont!
Missing character: There is no · in font nullfont!
Missing character: There is no ∫ in font nullfont!
Missing character: There is no • in font nullfont!
Missing character: There is no y in font nullfont!
Missing character: There is no k in font nullfont!
Missing character: There is no h in font nullfont!
Missing character: There is no √ in font nullfont!
Missing character: There is no ¥ in font nullfont!
Missing character: There is no n in font nullfont!
Missing character: There is no g in font nullfont!
Missing character: There is no c in font nullfont!
Missing character: There is no √ in font nullfont!
Missing character: There is no ≥ in font nullfont!
Missing character: There is no g in font nullfont!
Missing character: There is no i in font nullfont!
Missing character: There is no √ in font nullfont!
Missing character: There is no ° in font nullfont!
Missing character: There is no t in font nullfont!
Missing character: There is no r in font nullfont!
Missing character: There is no · in font nullfont!
Missing character: There is no ª in font nullfont!
Missing character: There is no ã in font nullfont!
Missing character: There is no n in font nullfont!
Missing character: There is no √ in font nullfont!
Missing character: There is no † in font nullfont!
Missing character: There is no o in font nullfont!
Missing character: There is no t in font nullfont!
Missing character: There is no h in font nullfont!
Missing character: There is no · in font nullfont!
Missing character: There is no ª in font nullfont!
Missing character: There is no è in font nullfont!
Missing character: There is no a in font nullfont!
Missing character: There is no m in font nullfont!
Missing character: There is no √ in font nullfont!
Missing character: There is no £ in font nullfont!
Missing character: There is no n in font nullfont!
Missing character: There is no . in font nullfont!
Missing character: There is no V in font nullfont!
Missing character: There is no · in font nullfont!
Missing character: There is no ∫ in font nullfont!
Missing character: There is no ≠ in font nullfont!
Missing character: There is no y in font nullfont!
Missing character: There is no p in font nullfont!
Missing character: There is no h in font nullfont!
Missing character: There is no ∆ in font nullfont!
Missing character: There is no ∞ in font nullfont!
Missing character: There is no ∆ in font nullfont!
Missing character: There is no ° in font nullfont!
Missing character: There is no n in font nullfont!
Missing character: There is no g in font nullfont!
Missing character: There is no t in font nullfont!
Missing character: There is no r in font nullfont!
Missing character: There is no √ in font nullfont!
Missing character: There is no ¨ in font nullfont!
Missing character: There is no n in font nullfont!
Missing character: There is no h in font nullfont!
Missing character: There is no v in font nullfont!
Missing character: There is no √ in font nullfont!
Missing character: There is no ¥ in font nullfont!
Missing character: There is no n in font nullfont!
Missing character: There is no g in font nullfont!
Missing character: There is no h in font nullfont!
Missing character: There is no i in font nullfont!
Missing character: There is no · in font nullfont!
Missing character: There is no ª in font nullfont!
Missing character: There is no á in font nullfont!
Missing character: There is no m in font nullfont!

! LaTeX Error: Something's wrong--perhaps a missing \item.

See the LaTeX manual or LaTeX Companion for explanation.
Type  H <return>  for immediate help.
 ...                                              
                                                  
l.27 \end{enumerate}
                    
Try typing  <return>  to proceed.
If that doesn't work, type  X <return>  to quit.

)
! Emergency stop.
<*> problem3.tex
                
*** (job aborted, no legal \end found)

 
Here is how much of TeX's memory you used:
 10 strings out of 492982
 185 string characters out of 6134896
 56925 words of memory out of 5000000
 3676 multiletter control sequences out of 15000+600000
 3640 words of font info for 14 fonts, out of 8000000 for 9000
 1141 hyphenation exceptions out of 8191
 18i,7n,12p,111b,117s stack positions out of 5000i,500n,10000p,200000b,80000s
!  ==> Fatal error occurred, no output PDF file produced!
